<?xml version="1.0" encoding="UTF-8"?>
<!-- Generated by org.testng.reporters.JUnitXMLReporter -->
<testsuite hostname="DESKTOP-5T03LQ5" ignored="0" name="BankLogin" tests="1" failures="0" timestamp="15 Aug 2022 11:10:22 GMT" time="0.042" errors="0">
  <testcase name="@BeforeSuite setUp" time="0.042" classname="com.w2a.base.TestBase">
    <failure type="java.lang.NullPointerException">
      <![CDATA[java.lang.NullPointerException
at com.w2a.base.TestBase.setUp(TestBase.java:45)
... Removed 20 stack frames]]>
    </failure>
  </testcase> <!-- @BeforeSuite setUp -->
  <testcase name="loginAsbankManager" time="0.0" classname="com.w2a.testcases.Logintest">
    <skipped/>
  </testcase> <!-- loginAsbankManager -->
</testsuite> <!-- BankLogin -->
