<?xml version="1.0" encoding="UTF-8"?>
<testng-results skipped="0" failed="0" ignored="0" total="1" passed="1">
  <reporter-output>
  </reporter-output>
  <suite name="Suite" duration-ms="15622" started-at="2022-08-24T15:00:48 IST" finished-at="2022-08-24T15:01:04 IST">
    <groups>
    </groups>
    <test name="AddCustomerTest" duration-ms="15622" started-at="2022-08-24T15:00:48 IST" finished-at="2022-08-24T15:01:04 IST">
      <class name="com.w2a.testcases.AddCustomerTest">
        <test-method status="PASS" signature="setUp()[pri:0, instance:com.w2a.testcases.AddCustomerTest@1ea9f6af]" name="setUp" is-config="true" duration-ms="44796" started-at="2022-08-24T15:00:03 IST" finished-at="2022-08-24T15:00:48 IST">
          <reporter-output>
          </reporter-output>
        </test-method> <!-- setUp -->
        <test-method status="PASS" signature="addCustomerTest(java.lang.String, java.lang.String)[pri:0, instance:com.w2a.testcases.AddCustomerTest@1ea9f6af]" name="addCustomerTest" duration-ms="5" started-at="2022-08-24T15:01:04 IST" data-provider="dp" finished-at="2022-08-24T15:01:04 IST">
          <params>
            <param index="0">
              <value>
                <![CDATA[username]]>
              </value>
            </param>
            <param index="1">
              <value>
                <![CDATA[password]]>
              </value>
            </param>
          </params>
          <reporter-output>
          </reporter-output>
        </test-method> <!-- addCustomerTest -->
        <test-method status="PASS" signature="tearDown()[pri:0, instance:com.w2a.testcases.AddCustomerTest@1ea9f6af]" name="tearDown" is-config="true" duration-ms="5139" started-at="2022-08-24T15:01:04 IST" finished-at="2022-08-24T15:01:09 IST">
          <reporter-output>
          </reporter-output>
        </test-method> <!-- tearDown -->
      </class> <!-- com.w2a.testcases.AddCustomerTest -->
    </test> <!-- AddCustomerTest -->
  </suite> <!-- Suite -->
</testng-results>
